Internal Server Error: /login/
Traceback (most recent call last):
  File "C:\Users\nacho\AppData\Local\Programs\Python\Python313\Lib\site-packages\django\core\handlers\exception.py", line 55, in inner
    response = get_response(request)
  File "C:\Users\nacho\AppData\Local\Programs\Python\Python313\Lib\site-packages\django\core\handlers\base.py", line 197, in _get_response
    response = wrapped_callback(request, *callback_args, **callback_kwargs)
  File "C:\Users\nacho\Desktop\Nueva carpeta\slot_machine_drs\control\views.py", line 687, in login_view
    registro = RegistroSesion.objects.create(
        usuario=user,
        tipo_usuario=user.role,
        ip_cliente=ip or None,
    )
  File "C:\Users\nacho\AppData\Local\Programs\Python\Python313\Lib\site-packages\django\db\models\manager.py", line 87, in manager_method
    return getattr(self.get_queryset(), name)(*args, **kwargs)
           ~~~~~~~~~~~~~~~~~~~~~~~~~~~~~~~~~~^^^^^^^^^^^^^^^^^
  File "C:\Users\nacho\AppData\Local\Programs\Python\Python313\Lib\site-packages\django\db\models\query.py", line 661, in create
    obj = self.model(**kwargs)
  File "C:\Users\nacho\AppData\Local\Programs\Python\Python313\Lib\site-packages\django\db\models\base.py", line 569, in __init__
    raise TypeError(
    ...<2 lines>...
    )
TypeError: RegistroSesion() got unexpected keyword arguments: 'ip_cliente'
"POST /login/ HTTP/1.1" 500 88049
Internal Server Error: /login/
Traceback (most recent call last):
  File "C:\Users\nacho\AppData\Local\Programs\Python\Python313\Lib\site-packages\django\core\handlers\exception.py", line 55, in inner
    response = get_response(request)
  File "C:\Users\nacho\AppData\Local\Programs\Python\Python313\Lib\site-packages\django\core\handlers\base.py", line 197, in _get_response
    response = wrapped_callback(request, *callback_args, **callback_kwargs)
  File "C:\Users\nacho\Desktop\Nueva carpeta\slot_machine_drs\control\views.py", line 687, in login_view
    registro = RegistroSesion.objects.create(
        usuario=user,
        tipo_usuario=user.role,
        ip_cliente=ip or None,
    )
  File "C:\Users\nacho\AppData\Local\Programs\Python\Python313\Lib\site-packages\django\db\models\manager.py", line 87, in manager_method
    return getattr(self.get_queryset(), name)(*args, **kwargs)
           ~~~~~~~~~~~~~~~~~~~~~~~~~~~~~~~~~~^^^^^^^^^^^^^^^^^
  File "C:\Users\nacho\AppData\Local\Programs\Python\Python313\Lib\site-packages\django\db\models\query.py", line 661, in create
    obj = self.model(**kwargs)
  File "C:\Users\nacho\AppData\Local\Programs\Python\Python313\Lib\site-packages\django\db\models\base.py", line 569, in __init__
    raise TypeError(
    ...<2 lines>...
    )
TypeError: RegistroSesion() got unexpected keyword arguments: 'ip_cliente'
"POST /login/ HTTP/1.1" 500 88049
Internal Server Error: /login/
Traceback (most recent call last):
  File "C:\Users\nacho\AppData\Local\Programs\Python\Python313\Lib\site-packages\django\core\handlers\exception.py", line 55, in inner
    response = get_response(request)
  File "C:\Users\nacho\AppData\Local\Programs\Python\Python313\Lib\site-packages\django\core\handlers\base.py", line 197, in _get_response
    response = wrapped_callback(request, *callback_args, **callback_kwargs)
  File "C:\Users\nacho\Desktop\Nueva carpeta\slot_machine_drs\control\views.py", line 687, in login_view
    registro = RegistroSesion.objects.create(
        usuario=user,
        tipo_usuario=user.role,
        ip_cliente=ip or None,
    )
  File "C:\Users\nacho\AppData\Local\Programs\Python\Python313\Lib\site-packages\django\db\models\manager.py", line 87, in manager_method
    return getattr(self.get_queryset(), name)(*args, **kwargs)
           ~~~~~~~~~~~~~~~~~~~~~~~~~~~~~~~~~~^^^^^^^^^^^^^^^^^
  File "C:\Users\nacho\AppData\Local\Programs\Python\Python313\Lib\site-packages\django\db\models\query.py", line 661, in create
    obj = self.model(**kwargs)
  File "C:\Users\nacho\AppData\Local\Programs\Python\Python313\Lib\site-packages\django\db\models\base.py", line 569, in __init__
    raise TypeError(
    ...<2 lines>...
    )
TypeError: RegistroSesion() got unexpected keyword arguments: 'ip_cliente'
"POST /login/ HTTP/1.1" 500 88049
Internal Server Error: /login/
Traceback (most recent call last):
  File "C:\Users\nacho\AppData\Local\Programs\Python\Python313\Lib\site-packages\django\core\handlers\exception.py", line 55, in inner
    response = get_response(request)
  File "C:\Users\nacho\AppData\Local\Programs\Python\Python313\Lib\site-packages\django\core\handlers\base.py", line 197, in _get_response
    response = wrapped_callback(request, *callback_args, **callback_kwargs)
  File "C:\Users\nacho\Desktop\Nueva carpeta\slot_machine_drs\control\views.py", line 687, in login_view
    registro = RegistroSesion.objects.create(
        usuario=user,
        tipo_usuario=user.role,
        ip_cliente=ip or None,
    )
  File "C:\Users\nacho\AppData\Local\Programs\Python\Python313\Lib\site-packages\django\db\models\manager.py", line 87, in manager_method
    return getattr(self.get_queryset(), name)(*args, **kwargs)
           ~~~~~~~~~~~~~~~~~~~~~~~~~~~~~~~~~~^^^^^^^^^^^^^^^^^
  File "C:\Users\nacho\AppData\Local\Programs\Python\Python313\Lib\site-packages\django\db\models\query.py", line 661, in create
    obj = self.model(**kwargs)
  File "C:\Users\nacho\AppData\Local\Programs\Python\Python313\Lib\site-packages\django\db\models\base.py", line 569, in __init__
    raise TypeError(
    ...<2 lines>...
    )
TypeError: RegistroSesion() got unexpected keyword arguments: 'ip_cliente'
"POST /login/ HTTP/1.1" 500 88049
